<?xml version="1.0" encoding="UTF-8"?>
<!-- Generated by org.testng.reporters.JUnitXMLReporter -->
<testsuite ignored="0" hostname="LAPTOP-H9H3EDQ6" failures="1" tests="1" name="Command line test" time="0.277" errors="0" timestamp="09 Sep 2019 00:04:56 GMT">
  <testcase classname="com.httpclient.test.TestGetMethod" name="getPingAlive" time="0.259">
    <failure type="java.lang.AssertionError" message="expected [500] but found [200]">
      <![CDATA[java.lang.AssertionError: expected [500] but found [200]
at com.httpclient.test.TestGetMethod.getPingAlive(TestGetMethod.java:16)
... Removed 40 stack frames]]>
    </failure>
  </testcase> <!-- getPingAlive -->
</testsuite> <!-- Command line test -->
