<?xml version="1.0" encoding="UTF-8" ?>
<testsuite tests="1" failures="1" name="com.httpclient.test.TestGetMethod" time="0.264" errors="0" skipped="0">
  <properties>
[...]
</properties>
  <testcase classname="com.httpclient.test.TestGetMethod" name="getPingAlive" time="0.264">
    <failure message="expected [500] but found [200]" type="java.lang.AssertionError">java.lang.AssertionError: expected [500] but found [200]
	at org.testng.Assert.fail(Assert.java:96)
	at org.testng.Assert.failNotEquals(Assert.java:776)
	at org.testng.Assert.assertEqualsImpl(Assert.java:137)
	at org.testng.Assert.assertEquals(Assert.java:118)
	at org.testng.Assert.assertEquals(Assert.java:652)
	at org.testng.Assert.assertEquals(Assert.java:662)
	at com.httpclient.test.TestGetMethod.getPingAlive(TestGetMethod.java:16)
</failure>
    <system-out>Configuring TestNG with: org.apache.maven.surefire.testng.conf.TestNG652Configurator@50b494a6
</system-out>
  </testcase>
</testsuite>